<?xml version="1.0" encoding="UTF-8" ?>
<testsuites>
  <testsuite errors="0" failures="1" hostname="Essas-MBP.home" id="0" name="TestCases" package="" skipped="0" tests="6" time="0.061" timestamp="2024-11-09T22:09:22">
      <properties>
[...]
</properties>

      <testcase classname="TestCases" name="testQuickSortWithUnsortedArray" time="0.002" />

      <testcase classname="TestCases" name="testQuickSortWithEmptyArray" time="0.0" />

      <testcase classname="TestCases" name="testBinarySearchWithTargetPresent" time="0.002">
          <failure message="expected:&lt;20&gt; but was:&lt;2&gt;" type="junit.framework.AssertionFailedError">junit.framework.AssertionFailedError: expected:&lt;20&gt; but was:&lt;2&gt;
	at TestCases.testBinarySearchWithTargetPresent(Unknown Source)
	at java.base/jdk.internal.reflect.DirectMethodHandleAccessor.invoke(DirectMethodHandleAccessor.java:103)
</failure>

      </testcase>

      <testcase classname="TestCases" name="testBinarySearchWithEmptyArray" time="0.0" />

      <testcase classname="TestCases" name="testQuickSortWithSortedArray" time="0.0" />

      <testcase classname="TestCases" name="testBinarySearchWithTargetNotPresent" time="0.001" />

      <system-out><![CDATA[]]></system-out>

      <system-err><![CDATA[]]></system-err>

  </testsuite>
</testsuites>
